<?xml version="1.0" encoding="UTF-8"?>
<!-- Generated by org.testng.reporters.JUnitXMLReporter -->
<testsuite hostname="Sambeets-MacBook-Air.local" ignored="0" name="Default test" tests="1" failures="1" timestamp="09 Jun 2018 17:18:33 GMT" time="52.929" errors="0">
  <testcase name="test_instagram_likes" time="40.97" classname="com.igs.InstagramLikes">
    <failure type="org.openqa.selenium.TimeoutException" message="Timed out after 30 seconds waiting for visibility of Proxy element for: DefaultElementLocator &amp;apos;By.xpath: //android.widget.RelativeLayout//android.widget.TextView[@resource-id=&amp;apos;com.developerincorp.likesforinstagram:id/lblLikes&amp;apos;]&amp;apos;
Build info: version: &amp;apos;2.53.1&amp;apos;, revision: &amp;apos;a36b8b1cd5757287168e54b817830adce9b0158d&amp;apos;, time: &amp;apos;2016-06-30 19:26:09&amp;apos;
System info: host: &amp;apos;Sambeets-MacBook-Air.local&amp;apos;, ip: &amp;apos;192.168.0.102&amp;apos;, os.name: &amp;apos;Mac OS X&amp;apos;, os.arch: &amp;apos;x86_64&amp;apos;, os.version: &amp;apos;10.13.2&amp;apos;, java.version: &amp;apos;1.8.0_131&amp;apos;
Driver info: io.appium.java_client.android.AndroidDriver
Capabilities [{appPackage=com.developerincorp.likesforinstagram, deviceScreenSize=1080x1920, networkConnectionEnabled=true, noReset=true, warnings={}, databaseEnabled=false, deviceName=0762a69df0eafb0d, platform=LINUX, deviceUDID=0762a69df0eafb0d, appActivity=com.developerincorp.likesforinstagram.StartActivity, desired={appPackage=com.developerincorp.likesforinstagram, appActivity=com.developerincorp.likesforinstagram.StartActivity, noReset=true, newCommandTimeout=60, platformVersion=6.0.1, platformName=Android, deviceName=Nexus 5}, newCommandTimeout=60, platformVersion=6.0.1, webStorageEnabled=false, locationContextEnabled=false, takesScreenshot=true, javascriptEnabled=true, deviceModel=Nexus 5, platformName=Android, deviceManufacturer=LGE}]
Session ID: 79ac06ce-38be-45ff-9cef-0aca51010469">
      <![CDATA[org.openqa.selenium.TimeoutException: Timed out after 30 seconds waiting for visibility of Proxy element for: DefaultElementLocator 'By.xpath: //android.widget.RelativeLayout//android.widget.TextView[@resource-id='com.developerincorp.likesforinstagram:id/lblLikes']'
Build info: version: '2.53.1', revision: 'a36b8b1cd5757287168e54b817830adce9b0158d', time: '2016-06-30 19:26:09'
System info: host: 'Sambeets-MacBook-Air.local', ip: '192.168.0.102', os.name: 'Mac OS X', os.arch: 'x86_64', os.version: '10.13.2', java.version: '1.8.0_131'
Driver info: io.appium.java_client.android.AndroidDriver
Capabilities [{appPackage=com.developerincorp.likesforinstagram, deviceScreenSize=1080x1920, networkConnectionEnabled=true, noReset=true, warnings={}, databaseEnabled=false, deviceName=0762a69df0eafb0d, platform=LINUX, deviceUDID=0762a69df0eafb0d, appActivity=com.developerincorp.likesforinstagram.StartActivity, desired={appPackage=com.developerincorp.likesforinstagram, appActivity=com.developerincorp.likesforinstagram.StartActivity, noReset=true, newCommandTimeout=60, platformVersion=6.0.1, platformName=Android, deviceName=Nexus 5}, newCommandTimeout=60, platformVersion=6.0.1, webStorageEnabled=false, locationContextEnabled=false, takesScreenshot=true, javascriptEnabled=true, deviceModel=Nexus 5, platformName=Android, deviceManufacturer=LGE}]
Session ID: 79ac06ce-38be-45ff-9cef-0aca51010469
	at org.openqa.selenium.support.ui.WebDriverWait.timeoutException(WebDriverWait.java:80)
	at org.openqa.selenium.support.ui.FluentWait.until(FluentWait.java:261)
	at com.utilities.Mobile_Utility.waitForElement(Mobile_Utility.java:29)
	at com.igs.InstagramLikes.test_instagram_likes(InstagramLikes.java:60)
	at sun.reflect.NativeMethodAccessorImpl.invoke0(Native Method)
	at sun.reflect.NativeMethodAccessorImpl.invoke(NativeMethodAccessorImpl.java:62)
	at sun.reflect.DelegatingMethodAccessorImpl.invoke(DelegatingMethodAccessorImpl.java:43)
	at java.lang.reflect.Method.invoke(Method.java:498)
	at org.testng.internal.MethodInvocationHelper.invokeMethod(MethodInvocationHelper.java:104)
	at org.testng.internal.Invoker.invokeMethod(Invoker.java:645)
	at org.testng.internal.Invoker.invokeTestMethod(Invoker.java:851)
	at org.testng.internal.Invoker.invokeTestMethods(Invoker.java:1177)
	at org.testng.internal.TestMethodWorker.invokeTestMethods(TestMethodWorker.java:129)
	at org.testng.internal.TestMethodWorker.run(TestMethodWorker.java:112)
	at org.testng.TestRunner.privateRun(TestRunner.java:756)
	at org.testng.TestRunner.run(TestRunner.java:610)
	at org.testng.SuiteRunner.runTest(SuiteRunner.java:387)
	at org.testng.SuiteRunner.runSequentially(SuiteRunner.java:382)
	at org.testng.SuiteRunner.privateRun(SuiteRunner.java:340)
	at org.testng.SuiteRunner.run(SuiteRunner.java:289)
	at org.testng.SuiteRunnerWorker.runSuite(SuiteRunnerWorker.java:52)
	at org.testng.SuiteRunnerWorker.run(SuiteRunnerWorker.java:86)
	at org.testng.TestNG.runSuitesSequentially(TestNG.java:1293)
	at org.testng.TestNG.runSuitesLocally(TestNG.java:1218)
	at org.testng.TestNG.runSuites(TestNG.java:1133)
	at org.testng.TestNG.run(TestNG.java:1104)
	at org.testng.remote.AbstractRemoteTestNG.run(AbstractRemoteTestNG.java:114)
	at org.testng.remote.RemoteTestNG.initAndRun(RemoteTestNG.java:251)
	at org.testng.remote.RemoteTestNG.main(RemoteTestNG.java:77)
Caused by: org.openqa.selenium.NoSuchElementException: An element could not be located on the page using the given search parameters. (WARNING: The server did not provide any stacktrace information)
Command duration or timeout: 254 milliseconds
For documentation on this error, please visit: http://seleniumhq.org/exceptions/no_such_element.html
Build info: version: '2.53.1', revision: 'a36b8b1cd5757287168e54b817830adce9b0158d', time: '2016-06-30 19:26:09'
System info: host: 'Sambeets-MacBook-Air.local', ip: '192.168.0.102', os.name: 'Mac OS X', os.arch: 'x86_64', os.version: '10.13.2', java.version: '1.8.0_131'
Driver info: io.appium.java_client.android.AndroidDriver
Capabilities [{appPackage=com.developerincorp.likesforinstagram, deviceScreenSize=1080x1920, networkConnectionEnabled=true, noReset=true, warnings={}, databaseEnabled=false, deviceName=0762a69df0eafb0d, platform=LINUX, deviceUDID=0762a69df0eafb0d, appActivity=com.developerincorp.likesforinstagram.StartActivity, desired={appPackage=com.developerincorp.likesforinstagram, appActivity=com.developerincorp.likesforinstagram.StartActivity, noReset=true, newCommandTimeout=60, platformVersion=6.0.1, platformName=Android, deviceName=Nexus 5}, newCommandTimeout=60, platformVersion=6.0.1, webStorageEnabled=false, locationContextEnabled=false, takesScreenshot=true, javascriptEnabled=true, deviceModel=Nexus 5, platformName=Android, deviceManufacturer=LGE}]
Session ID: 79ac06ce-38be-45ff-9cef-0aca51010469
*** Element info: {Using=xpath, value=//android.widget.RelativeLayout//android.widget.TextView[@resource-id='com.developerincorp.likesforinstagram:id/lblLikes']}
	at sun.reflect.GeneratedConstructorAccessor11.newInstance(Unknown Source)
	at sun.reflect.DelegatingConstructorAccessorImpl.newInstance(DelegatingConstructorAccessorImpl.java:45)
	at java.lang.reflect.Constructor.newInstance(Constructor.java:423)
	at org.openqa.selenium.remote.ErrorHandler.createThrowable(ErrorHandler.java:206)
	at org.openqa.selenium.remote.ErrorHandler.throwIfResponseFailed(ErrorHandler.java:158)
	at org.openqa.selenium.remote.RemoteWebDriver.execute(RemoteWebDriver.java:678)
	at io.appium.java_client.DefaultGenericMobileDriver.execute(DefaultGenericMobileDriver.java:40)
	at io.appium.java_client.AppiumDriver.execute(AppiumDriver.java:1)
	at io.appium.java_client.android.AndroidDriver.execute(AndroidDriver.java:1)
	at org.openqa.selenium.remote.RemoteWebDriver.findElement(RemoteWebDriver.java:363)
	at io.appium.java_client.DefaultGenericMobileDriver.findElement(DefaultGenericMobileDriver.java:56)
	at io.appium.java_client.AppiumDriver.findElement(AppiumDriver.java:1)
	at io.appium.java_client.android.AndroidDriver.findElement(AndroidDriver.java:1)
	at org.openqa.selenium.remote.RemoteWebDriver.findElementByXPath(RemoteWebDriver.java:500)
	at io.appium.java_client.DefaultGenericMobileDriver.findElementByXPath(DefaultGenericMobileDriver.java:134)
	at io.appium.java_client.AppiumDriver.findElementByXPath(AppiumDriver.java:1)
	at io.appium.java_client.android.AndroidDriver.findElementByXPath(AndroidDriver.java:1)
	at org.openqa.selenium.By$ByXPath.findElement(By.java:361)
	at org.openqa.selenium.remote.RemoteWebDriver.findElement(RemoteWebDriver.java:355)
	at io.appium.java_client.DefaultGenericMobileDriver.findElement(DefaultGenericMobileDriver.java:52)
	at io.appium.java_client.AppiumDriver.findElement(AppiumDriver.java:1)
	at io.appium.java_client.android.AndroidDriver.findElement(AndroidDriver.java:1)
	at org.openqa.selenium.support.pagefactory.DefaultElementLocator.findElement(DefaultElementLocator.java:69)
	at org.openqa.selenium.support.pagefactory.internal.LocatingElementHandler.invoke(LocatingElementHandler.java:38)
	at com.sun.proxy.$Proxy8.isDisplayed(Unknown Source)
	at org.openqa.selenium.support.ui.ExpectedConditions.elementIfVisible(ExpectedConditions.java:302)
	at org.openqa.selenium.support.ui.ExpectedConditions.access$100(ExpectedConditions.java:41)
	at org.openqa.selenium.support.ui.ExpectedConditions$10.apply(ExpectedConditions.java:288)
	at org.openqa.selenium.support.ui.ExpectedConditions$10.apply(ExpectedConditions.java:285)
	at org.openqa.selenium.support.ui.FluentWait.until(FluentWait.java:238)
	... 27 more
]]>
    </failure>
  </testcase> <!-- test_instagram_likes -->
</testsuite> <!-- Default test -->
