<?xml version="1.0" encoding="UTF-8"?>
<!-- Generated by org.testng.reporters.JUnitXMLReporter -->
<testsuite hostname="Sambeets-MacBook-Air.local" ignored="0" name="Test" tests="1" failures="0" timestamp="29 Jul 2017 16:31:47 GMT" time="0.037" errors="0">
  <testcase name="@BeforeSuite bs_config" time="0.0" classname="com.bbsrIOSAppTest.iOS_Test_Bbsr_App">
    <failure type="org.testng.TestNGException" message="
Parameter &amp;apos;device&amp;apos; is required by BeforeSuite on method bs_config but has not been marked @Optional or defined
in /Users/sambeetmohapatra/Downloads/GIT/Appium_Practice_Android/src/test/java/com/bbsrIOSAppTest/testng.xml">
      <![CDATA[org.testng.TestNGException: 
Parameter 'device' is required by BeforeSuite on method bs_config but has not been marked @Optional or defined
in /Users/sambeetmohapatra/Downloads/GIT/Appium_Practice_Android/src/test/java/com/bbsrIOSAppTest/testng.xml
... Removed 16 stack frames]]>
    </failure>
  </testcase> <!-- @BeforeSuite bs_config -->
  <testcase name="test_iOS_Test_Bbsr_App" time="0.004" classname="com.bbsrIOSAppTest.iOS_Test_Bbsr_App">
    <skipped/>
  </testcase> <!-- test_iOS_Test_Bbsr_App -->
</testsuite> <!-- Test -->
