<?xml version="1.0" encoding="UTF-8"?>
<testng-results skipped="0" failed="0" ignored="0" total="1" passed="1">
  <reporter-output>
    <line>
      <![CDATA[PreRequsite : Wait For Main Page ]]>
    </line>
    <line>
      <![CDATA[Step 1 : Go To Followers Tab ]]>
    </line>
    <line>
      <![CDATA[Existing Followers : 124.2]]>
    </line>
    <line>
      <![CDATA[Step 2 : Increase Followers by 100 no. of Time(s)]]>
    </line>
    <line>
      <![CDATA[Clicked 1 time(s)]]>
    </line>
    <line>
      <![CDATA[Clicked 2 time(s)]]>
    </line>
    <line>
      <![CDATA[Clicked 3 time(s)]]>
    </line>
    <line>
      <![CDATA[Clicked 4 time(s)]]>
    </line>
    <line>
      <![CDATA[Clicked 5 time(s)]]>
    </line>
    <line>
      <![CDATA[Clicked 6 time(s)]]>
    </line>
    <line>
      <![CDATA[Clicked 7 time(s)]]>
    </line>
    <line>
      <![CDATA[Clicked 8 time(s)]]>
    </line>
    <line>
      <![CDATA[Clicked 9 time(s)]]>
    </line>
    <line>
      <![CDATA[Clicked 10 time(s)]]>
    </line>
    <line>
      <![CDATA[Clicked 11 time(s)]]>
    </line>
    <line>
      <![CDATA[Clicked 12 time(s)]]>
    </line>
    <line>
      <![CDATA[Clicked 13 time(s)]]>
    </line>
    <line>
      <![CDATA[Clicked 15 time(s)]]>
    </line>
    <line>
      <![CDATA[Clicked 16 time(s)]]>
    </line>
    <line>
      <![CDATA[Clicked 17 time(s)]]>
    </line>
    <line>
      <![CDATA[Clicked 18 time(s)]]>
    </line>
    <line>
      <![CDATA[Clicked 19 time(s)]]>
    </line>
    <line>
      <![CDATA[Clicked 20 time(s)]]>
    </line>
    <line>
      <![CDATA[Clicked 21 time(s)]]>
    </line>
    <line>
      <![CDATA[Clicked 22 time(s)]]>
    </line>
    <line>
      <![CDATA[Clicked 23 time(s)]]>
    </line>
    <line>
      <![CDATA[Clicked 24 time(s)]]>
    </line>
    <line>
      <![CDATA[Clicked 25 time(s)]]>
    </line>
    <line>
      <![CDATA[Clicked 26 time(s)]]>
    </line>
    <line>
      <![CDATA[Clicked 27 time(s)]]>
    </line>
    <line>
      <![CDATA[Clicked 28 time(s)]]>
    </line>
    <line>
      <![CDATA[Clicked 29 time(s)]]>
    </line>
    <line>
      <![CDATA[Clicked 30 time(s)]]>
    </line>
    <line>
      <![CDATA[Clicked 31 time(s)]]>
    </line>
    <line>
      <![CDATA[Clicked 32 time(s)]]>
    </line>
    <line>
      <![CDATA[Clicked 33 time(s)]]>
    </line>
    <line>
      <![CDATA[Clicked 34 time(s)]]>
    </line>
    <line>
      <![CDATA[Clicked 36 time(s)]]>
    </line>
    <line>
      <![CDATA[Clicked 37 time(s)]]>
    </line>
    <line>
      <![CDATA[Clicked 38 time(s)]]>
    </line>
    <line>
      <![CDATA[Clicked 39 time(s)]]>
    </line>
    <line>
      <![CDATA[Clicked 40 time(s)]]>
    </line>
    <line>
      <![CDATA[Clicked 41 time(s)]]>
    </line>
    <line>
      <![CDATA[Clicked 42 time(s)]]>
    </line>
    <line>
      <![CDATA[Clicked 43 time(s)]]>
    </line>
    <line>
      <![CDATA[Clicked 44 time(s)]]>
    </line>
    <line>
      <![CDATA[Clicked 45 time(s)]]>
    </line>
    <line>
      <![CDATA[Clicked 46 time(s)]]>
    </line>
    <line>
      <![CDATA[Clicked 47 time(s)]]>
    </line>
    <line>
      <![CDATA[Clicked 48 time(s)]]>
    </line>
    <line>
      <![CDATA[Clicked 49 time(s)]]>
    </line>
    <line>
      <![CDATA[Clicked 50 time(s)]]>
    </line>
    <line>
      <![CDATA[Clicked 51 time(s)]]>
    </line>
    <line>
      <![CDATA[Clicked 52 time(s)]]>
    </line>
    <line>
      <![CDATA[Clicked 53 time(s)]]>
    </line>
    <line>
      <![CDATA[Clicked 54 time(s)]]>
    </line>
    <line>
      <![CDATA[Clicked 55 time(s)]]>
    </line>
    <line>
      <![CDATA[Clicked 56 time(s)]]>
    </line>
    <line>
      <![CDATA[Clicked 57 time(s)]]>
    </line>
    <line>
      <![CDATA[Clicked 58 time(s)]]>
    </line>
    <line>
      <![CDATA[Clicked 59 time(s)]]>
    </line>
    <line>
      <![CDATA[Clicked 60 time(s)]]>
    </line>
    <line>
      <![CDATA[Clicked 61 time(s)]]>
    </line>
    <line>
      <![CDATA[Clicked 62 time(s)]]>
    </line>
    <line>
      <![CDATA[Clicked 64 time(s)]]>
    </line>
    <line>
      <![CDATA[Clicked 65 time(s)]]>
    </line>
    <line>
      <![CDATA[Clicked 66 time(s)]]>
    </line>
    <line>
      <![CDATA[Clicked 67 time(s)]]>
    </line>
    <line>
      <![CDATA[Clicked 68 time(s)]]>
    </line>
    <line>
      <![CDATA[Clicked 69 time(s)]]>
    </line>
    <line>
      <![CDATA[Clicked 70 time(s)]]>
    </line>
    <line>
      <![CDATA[Clicked 71 time(s)]]>
    </line>
    <line>
      <![CDATA[Clicked 72 time(s)]]>
    </line>
    <line>
      <![CDATA[Clicked 73 time(s)]]>
    </line>
    <line>
      <![CDATA[Clicked 74 time(s)]]>
    </line>
    <line>
      <![CDATA[Clicked 75 time(s)]]>
    </line>
    <line>
      <![CDATA[Clicked 76 time(s)]]>
    </line>
    <line>
      <![CDATA[Clicked 77 time(s)]]>
    </line>
    <line>
      <![CDATA[Clicked 78 time(s)]]>
    </line>
    <line>
      <![CDATA[Clicked 79 time(s)]]>
    </line>
    <line>
      <![CDATA[Clicked 81 time(s)]]>
    </line>
    <line>
      <![CDATA[Clicked 82 time(s)]]>
    </line>
    <line>
      <![CDATA[Clicked 83 time(s)]]>
    </line>
    <line>
      <![CDATA[Clicked 84 time(s)]]>
    </line>
    <line>
      <![CDATA[Clicked 85 time(s)]]>
    </line>
    <line>
      <![CDATA[Clicked 86 time(s)]]>
    </line>
    <line>
      <![CDATA[Clicked 87 time(s)]]>
    </line>
    <line>
      <![CDATA[Clicked 88 time(s)]]>
    </line>
    <line>
      <![CDATA[Clicked 89 time(s)]]>
    </line>
    <line>
      <![CDATA[Clicked 90 time(s)]]>
    </line>
    <line>
      <![CDATA[Clicked 91 time(s)]]>
    </line>
    <line>
      <![CDATA[Clicked 92 time(s)]]>
    </line>
    <line>
      <![CDATA[Clicked 93 time(s)]]>
    </line>
    <line>
      <![CDATA[Clicked 94 time(s)]]>
    </line>
    <line>
      <![CDATA[Clicked 95 time(s)]]>
    </line>
    <line>
      <![CDATA[Clicked 96 time(s)]]>
    </line>
    <line>
      <![CDATA[Clicked 98 time(s)]]>
    </line>
    <line>
      <![CDATA[Clicked 99 time(s)]]>
    </line>
    <line>
      <![CDATA[Clicked 100 time(s)]]>
    </line>
  </reporter-output>
  <suite name="Instagram Likes" duration-ms="1815582" started-at="2018-09-29T20:02:38Z" finished-at="2018-09-29T20:32:53Z">
    <groups>
    </groups>
    <test name="Increase Followers in  Followers App on Android" duration-ms="1815582" started-at="2018-09-29T20:02:38Z" finished-at="2018-09-29T20:32:53Z">
      <class name="com.igs.InstagramFollowers">
        <test-method status="PASS" signature="beforeClass()[pri:0, instance:com.igs.InstagramFollowers@73846619]" name="beforeClass" is-config="true" duration-ms="11" started-at="2018-09-30T01:32:38Z" finished-at="2018-09-30T01:32:38Z">
          <reporter-output>
          </reporter-output>
        </test-method> <!-- beforeClass -->
        <test-method status="PASS" signature="bm()[pri:0, instance:com.igs.InstagramFollowers@73846619]" name="bm" is-config="true" duration-ms="1" started-at="2018-09-30T01:32:38Z" finished-at="2018-09-30T01:32:38Z">
          <reporter-output>
          </reporter-output>
        </test-method> <!-- bm -->
        <test-method status="PASS" signature="test_instagram_followers()[pri:2, instance:com.igs.InstagramFollowers@73846619]" name="test_instagram_followers" duration-ms="1811258" started-at="2018-09-30T01:32:38Z" description=" Automate and increase Instagram Followers" finished-at="2018-09-30T02:02:49Z">
          <reporter-output>
            <line>
              <![CDATA[PreRequsite : Wait For Main Page ]]>
            </line>
            <line>
              <![CDATA[Step 1 : Go To Followers Tab ]]>
            </line>
            <line>
              <![CDATA[Existing Followers : 124.2]]>
            </line>
            <line>
              <![CDATA[Step 2 : Increase Followers by 100 no. of Time(s)]]>
            </line>
            <line>
              <![CDATA[Clicked 1 time(s)]]>
            </line>
            <line>
              <![CDATA[Clicked 2 time(s)]]>
            </line>
            <line>
              <![CDATA[Clicked 3 time(s)]]>
            </line>
            <line>
              <![CDATA[Clicked 4 time(s)]]>
            </line>
            <line>
              <![CDATA[Clicked 5 time(s)]]>
            </line>
            <line>
              <![CDATA[Clicked 6 time(s)]]>
            </line>
            <line>
              <![CDATA[Clicked 7 time(s)]]>
            </line>
            <line>
              <![CDATA[Clicked 8 time(s)]]>
            </line>
            <line>
              <![CDATA[Clicked 9 time(s)]]>
            </line>
            <line>
              <![CDATA[Clicked 10 time(s)]]>
            </line>
            <line>
              <![CDATA[Clicked 11 time(s)]]>
            </line>
            <line>
              <![CDATA[Clicked 12 time(s)]]>
            </line>
            <line>
              <![CDATA[Clicked 13 time(s)]]>
            </line>
            <line>
              <![CDATA[Clicked 15 time(s)]]>
            </line>
            <line>
              <![CDATA[Clicked 16 time(s)]]>
            </line>
            <line>
              <![CDATA[Clicked 17 time(s)]]>
            </line>
            <line>
              <![CDATA[Clicked 18 time(s)]]>
            </line>
            <line>
              <![CDATA[Clicked 19 time(s)]]>
            </line>
            <line>
              <![CDATA[Clicked 20 time(s)]]>
            </line>
            <line>
              <![CDATA[Clicked 21 time(s)]]>
            </line>
            <line>
              <![CDATA[Clicked 22 time(s)]]>
            </line>
            <line>
              <![CDATA[Clicked 23 time(s)]]>
            </line>
            <line>
              <![CDATA[Clicked 24 time(s)]]>
            </line>
            <line>
              <![CDATA[Clicked 25 time(s)]]>
            </line>
            <line>
              <![CDATA[Clicked 26 time(s)]]>
            </line>
            <line>
              <![CDATA[Clicked 27 time(s)]]>
            </line>
            <line>
              <![CDATA[Clicked 28 time(s)]]>
            </line>
            <line>
              <![CDATA[Clicked 29 time(s)]]>
            </line>
            <line>
              <![CDATA[Clicked 30 time(s)]]>
            </line>
            <line>
              <![CDATA[Clicked 31 time(s)]]>
            </line>
            <line>
              <![CDATA[Clicked 32 time(s)]]>
            </line>
            <line>
              <![CDATA[Clicked 33 time(s)]]>
            </line>
            <line>
              <![CDATA[Clicked 34 time(s)]]>
            </line>
            <line>
              <![CDATA[Clicked 36 time(s)]]>
            </line>
            <line>
              <![CDATA[Clicked 37 time(s)]]>
            </line>
            <line>
              <![CDATA[Clicked 38 time(s)]]>
            </line>
            <line>
              <![CDATA[Clicked 39 time(s)]]>
            </line>
            <line>
              <![CDATA[Clicked 40 time(s)]]>
            </line>
            <line>
              <![CDATA[Clicked 41 time(s)]]>
            </line>
            <line>
              <![CDATA[Clicked 42 time(s)]]>
            </line>
            <line>
              <![CDATA[Clicked 43 time(s)]]>
            </line>
            <line>
              <![CDATA[Clicked 44 time(s)]]>
            </line>
            <line>
              <![CDATA[Clicked 45 time(s)]]>
            </line>
            <line>
              <![CDATA[Clicked 46 time(s)]]>
            </line>
            <line>
              <![CDATA[Clicked 47 time(s)]]>
            </line>
            <line>
              <![CDATA[Clicked 48 time(s)]]>
            </line>
            <line>
              <![CDATA[Clicked 49 time(s)]]>
            </line>
            <line>
              <![CDATA[Clicked 50 time(s)]]>
            </line>
            <line>
              <![CDATA[Clicked 51 time(s)]]>
            </line>
            <line>
              <![CDATA[Clicked 52 time(s)]]>
            </line>
            <line>
              <![CDATA[Clicked 53 time(s)]]>
            </line>
            <line>
              <![CDATA[Clicked 54 time(s)]]>
            </line>
            <line>
              <![CDATA[Clicked 55 time(s)]]>
            </line>
            <line>
              <![CDATA[Clicked 56 time(s)]]>
            </line>
            <line>
              <![CDATA[Clicked 57 time(s)]]>
            </line>
            <line>
              <![CDATA[Clicked 58 time(s)]]>
            </line>
            <line>
              <![CDATA[Clicked 59 time(s)]]>
            </line>
            <line>
              <![CDATA[Clicked 60 time(s)]]>
            </line>
            <line>
              <![CDATA[Clicked 61 time(s)]]>
            </line>
            <line>
              <![CDATA[Clicked 62 time(s)]]>
            </line>
            <line>
              <![CDATA[Clicked 64 time(s)]]>
            </line>
            <line>
              <![CDATA[Clicked 65 time(s)]]>
            </line>
            <line>
              <![CDATA[Clicked 66 time(s)]]>
            </line>
            <line>
              <![CDATA[Clicked 67 time(s)]]>
            </line>
            <line>
              <![CDATA[Clicked 68 time(s)]]>
            </line>
            <line>
              <![CDATA[Clicked 69 time(s)]]>
            </line>
            <line>
              <![CDATA[Clicked 70 time(s)]]>
            </line>
            <line>
              <![CDATA[Clicked 71 time(s)]]>
            </line>
            <line>
              <![CDATA[Clicked 72 time(s)]]>
            </line>
            <line>
              <![CDATA[Clicked 73 time(s)]]>
            </line>
            <line>
              <![CDATA[Clicked 74 time(s)]]>
            </line>
            <line>
              <![CDATA[Clicked 75 time(s)]]>
            </line>
            <line>
              <![CDATA[Clicked 76 time(s)]]>
            </line>
            <line>
              <![CDATA[Clicked 77 time(s)]]>
            </line>
            <line>
              <![CDATA[Clicked 78 time(s)]]>
            </line>
            <line>
              <![CDATA[Clicked 79 time(s)]]>
            </line>
            <line>
              <![CDATA[Clicked 81 time(s)]]>
            </line>
            <line>
              <![CDATA[Clicked 82 time(s)]]>
            </line>
            <line>
              <![CDATA[Clicked 83 time(s)]]>
            </line>
            <line>
              <![CDATA[Clicked 84 time(s)]]>
            </line>
            <line>
              <![CDATA[Clicked 85 time(s)]]>
            </line>
            <line>
              <![CDATA[Clicked 86 time(s)]]>
            </line>
            <line>
              <![CDATA[Clicked 87 time(s)]]>
            </line>
            <line>
              <![CDATA[Clicked 88 time(s)]]>
            </line>
            <line>
              <![CDATA[Clicked 89 time(s)]]>
            </line>
            <line>
              <![CDATA[Clicked 90 time(s)]]>
            </line>
            <line>
              <![CDATA[Clicked 91 time(s)]]>
            </line>
            <line>
              <![CDATA[Clicked 92 time(s)]]>
            </line>
            <line>
              <![CDATA[Clicked 93 time(s)]]>
            </line>
            <line>
              <![CDATA[Clicked 94 time(s)]]>
            </line>
            <line>
              <![CDATA[Clicked 95 time(s)]]>
            </line>
            <line>
              <![CDATA[Clicked 96 time(s)]]>
            </line>
            <line>
              <![CDATA[Clicked 98 time(s)]]>
            </line>
            <line>
              <![CDATA[Clicked 99 time(s)]]>
            </line>
            <line>
              <![CDATA[Clicked 100 time(s)]]>
            </line>
          </reporter-output>
        </test-method> <!-- test_instagram_followers -->
        <test-method status="PASS" signature="am()[pri:0, instance:com.igs.InstagramFollowers@73846619]" name="am" is-config="true" duration-ms="4303" started-at="2018-09-30T02:02:49Z" finished-at="2018-09-30T02:02:53Z">
          <reporter-output>
          </reporter-output>
        </test-method> <!-- am -->
        <test-method status="PASS" signature="afterClass()[pri:0, instance:com.igs.InstagramFollowers@73846619]" name="afterClass" is-config="true" duration-ms="2025" started-at="2018-09-30T02:02:54Z" finished-at="2018-09-30T02:02:56Z">
          <reporter-output>
          </reporter-output>
        </test-method> <!-- afterClass -->
      </class> <!-- com.igs.InstagramFollowers -->
    </test> <!-- Increase Followers in  Followers App on Android -->
  </suite> <!-- Instagram Likes -->
</testng-results>
