<?xml version="1.0" encoding="UTF-8"?>
<!-- Generated by org.testng.reporters.JUnitXMLReporter -->
<testsuite hostname="Sambeets-MacBook-Air.local" ignored="0" name="Test" tests="1" failures="1" timestamp="29 Jul 2017 17:00:34 GMT" time="37.816" errors="0">
  <testcase name="test_iOS_Test_Bbsr_App" time="37.653" classname="com.bbsrIOSAppTest.iOS_Test_Bbsr_App">
    <failure type="org.openqa.selenium.UnsupportedCommandException" message="Unknown mobile command &amp;quot;presskey&amp;quot;. Only scroll,swipe,pinch,doubleTap,twoFingerTap,touchAndHold,tap,dragFromToForDuration commands are supported. (WARNING: The server did not provide any stacktrace information)
Command duration or timeout: 18 milliseconds
Build info: version: &amp;apos;2.53.1&amp;apos;, revision: &amp;apos;a36b8b1cd5757287168e54b817830adce9b0158d&amp;apos;, time: &amp;apos;2016-06-30 19:26:09&amp;apos;
System info: host: &amp;apos;Sambeets-MacBook-Air.local&amp;apos;, ip: &amp;apos;192.168.0.102&amp;apos;, os.name: &amp;apos;Mac OS X&amp;apos;, os.arch: &amp;apos;x86_64&amp;apos;, os.version: &amp;apos;10.12.6&amp;apos;, java.version: &amp;apos;1.8.0_131&amp;apos;
Driver info: io.appium.java_client.ios.IOSDriver
Capabilities [{networkConnectionEnabled=false, noReset=true, bundleId=com.sam.Bhubaneswar, databaseEnabled=false, deviceName=iPhone 6, platform=MAC, platformVersion=10.3, webStorageEnabled=false, locationContextEnabled=false, browserName=, takesScreenshot=true, javascriptEnabled=true, platformName=iOS, udid=65D01ABC-F71D-4745-82BB-3F85678E2B91}]
Session ID: a2a5833f-cd7e-4d14-b97b-ae45c5163d3d">
      <![CDATA[org.openqa.selenium.UnsupportedCommandException: Unknown mobile command "presskey". Only scroll,swipe,pinch,doubleTap,twoFingerTap,touchAndHold,tap,dragFromToForDuration commands are supported. (WARNING: The server did not provide any stacktrace information)
Command duration or timeout: 18 milliseconds
Build info: version: '2.53.1', revision: 'a36b8b1cd5757287168e54b817830adce9b0158d', time: '2016-06-30 19:26:09'
System info: host: 'Sambeets-MacBook-Air.local', ip: '192.168.0.102', os.name: 'Mac OS X', os.arch: 'x86_64', os.version: '10.12.6', java.version: '1.8.0_131'
Driver info: io.appium.java_client.ios.IOSDriver
Capabilities [{networkConnectionEnabled=false, noReset=true, bundleId=com.sam.Bhubaneswar, databaseEnabled=false, deviceName=iPhone 6, platform=MAC, platformVersion=10.3, webStorageEnabled=false, locationContextEnabled=false, browserName=, takesScreenshot=true, javascriptEnabled=true, platformName=iOS, udid=65D01ABC-F71D-4745-82BB-3F85678E2B91}]
Session ID: a2a5833f-cd7e-4d14-b97b-ae45c5163d3d
	at org.openqa.selenium.remote.ErrorHandler.createThrowable(ErrorHandler.java:206)
	at org.openqa.selenium.remote.ErrorHandler.throwIfResponseFailed(ErrorHandler.java:158)
	at org.openqa.selenium.remote.RemoteWebDriver.execute(RemoteWebDriver.java:678)
	at io.appium.java_client.DefaultGenericMobileDriver.execute(DefaultGenericMobileDriver.java:40)
	at io.appium.java_client.AppiumDriver.execute(AppiumDriver.java:1)
	at io.appium.java_client.ios.IOSDriver.execute(IOSDriver.java:1)
	at org.openqa.selenium.remote.RemoteWebDriver.executeScript(RemoteWebDriver.java:577)
	at com.bbsrIOSAppTest.iOS_Test_Bbsr_App.test_iOS_Test_Bbsr_App(iOS_Test_Bbsr_App.java:94)
... Removed 29 stack frames]]>
    </failure>
  </testcase> <!-- test_iOS_Test_Bbsr_App -->
</testsuite> <!-- Test -->
